[bwa_index] Pack FASTA... 1.53 sec
[bwa_index] Construct BWT for the packed sequence...
[BWTIncCreate] textLength=180194040, availableWord=24679112
[BWTIncConstructFromPacked] 10 iterations done. 40709032 characters processed.
[BWTIncConstructFromPacked] 20 iterations done. 75205912 characters processed.
[BWTIncConstructFromPacked] 30 iterations done. 105862792 characters processed.
[BWTIncConstructFromPacked] 40 iterations done. 133106680 characters processed.
[BWTIncConstructFromPacked] 50 iterations done. 157317080 characters processed.
[BWTIncConstructFromPacked] 60 iterations done. 178831320 characters processed.
[bwt_gen] Finished constructing BWT in 61 iterations.
[bwa_index] 86.93 seconds elapse.
[bwa_index] Update BWT... 1.06 sec
[bwa_index] Pack forward-only FASTA... 0.91 sec
[bwa_index] Construct SA from BWT and Occ... 30.60 sec
[main] Version: 0.7.17-r1188
[main] CMD: bwa index /shared/home/asandri/MAHABIO/data/C_contigs_more_than_300bp.fasta
[main] Real time: 179.420 sec; CPU: 121.036 sec
[M::bwa_idx_load_from_disk] read 0 ALT contigs
[M::process] read 534994 sequences (80000159 bp)...
[M::process] read 535016 sequences (80000201 bp)...
[M::mem_pestat] # candidate unique pairs for (FF, FR, RF, RR): (53, 224225, 33, 55)
[M::mem_pestat] analyzing insert size distribution for orientation FF...
[M::mem_pestat] (25, 50, 75) percentile: (127, 177, 233)
[M::mem_pestat] low and high boundaries for computing mean and std.dev: (1, 445)
[M::mem_pestat] mean and std.dev: (165.31, 69.54)
[M::mem_pestat] low and high boundaries for proper pairs: (1, 551)
[M::mem_pestat] analyzing insert size distribution for orientation FR...
[M::mem_pestat] (25, 50, 75) percentile: (241, 292, 349)
[M::mem_pestat] low and high boundaries for computing mean and std.dev: (25, 565)
[M::mem_pestat] mean and std.dev: (297.50, 82.12)
[M::mem_pestat] low and high boundaries for proper pairs: (1, 673)
[M::mem_pestat] analyzing insert size distribution for orientation RF...
[M::mem_pestat] (25, 50, 75) percentile: (43, 116, 519)
[M::mem_pestat] low and high boundaries for computing mean and std.dev: (1, 1471)
[M::mem_pestat] mean and std.dev: (201.69, 209.04)
[M::mem_pestat] low and high boundaries for proper pairs: (1, 1947)
[M::mem_pestat] analyzing insert size distribution for orientation RR...
[M::mem_pestat] (25, 50, 75) percentile: (102, 144, 252)
[M::mem_pestat] low and high boundaries for computing mean and std.dev: (1, 552)
[M::mem_pestat] mean and std.dev: (163.25, 106.98)
[M::mem_pestat] low and high boundaries for proper pairs: (1, 702)
[M::mem_pestat] skip orientation FF
[M::mem_pestat] skip orientation RF
[M::mem_pestat] skip orientation RR
[M::mem_process_seqs] Processed 534994 reads in 88.101 CPU sec, 35.432 real sec
[M::mem_pestat] # candidate unique pairs for (FF, FR, RF, RR): (51, 224090, 40, 58)
[M::mem_pestat] analyzing insert size distribution for orientation FF...
[M::mem_pestat] (25, 50, 75) percentile: (94, 148, 197)
[M::mem_pestat] low and high boundaries for computing mean and std.dev: (1, 403)
[M::mem_pestat] mean and std.dev: (144.08, 73.85)
[M::mem_pestat] low and high boundaries for proper pairs: (1, 506)
[M::mem_pestat] analyzing insert size distribution for orientation FR...
[M::mem_pestat] (25, 50, 75) percentile: (241, 292, 350)
[M::mem_pestat] low and high boundaries for computing mean and std.dev: (23, 568)
[M::mem_pestat] mean and std.dev: (297.74, 82.54)
[M::mem_pestat] low and high boundaries for proper pairs: (1, 677)
[M::mem_pestat] analyzing insert size distribution for orientation RF...
[M::mem_pestat] (25, 50, 75) percentile: (40, 114, 1667)
[M::mem_pestat] low and high boundaries for computing mean and std.dev: (1, 4921)
[M::mem_pestat] mean and std.dev: (719.70, 1195.20)
[M::mem_pestat] low and high boundaries for proper pairs: (1, 6548)
[M::mem_pestat] analyzing insert size distribution for orientation RR...
[M::mem_pestat] (25, 50, 75) percentile: (104, 145, 219)
[M::mem_pestat] low and high boundaries for computing mean and std.dev: (1, 449)
[M::mem_pestat] mean and std.dev: (153.29, 69.54)
[M::mem_pestat] low and high boundaries for proper pairs: (1, 564)
[M::mem_pestat] skip orientation FF
[M::mem_pestat] skip orientation RF
[M::mem_pestat] skip orientation RR
[M::mem_process_seqs] Processed 535016 reads in 80.792 CPU sec, 20.226 real sec
[M::process] read 535050 sequences (80000038 bp)...
[M::mem_pestat] # candidate unique pairs for (FF, FR, RF, RR): (50, 224042, 33, 55)
[M::mem_pestat] analyzing insert size distribution for orientation FF...
[M::mem_pestat] (25, 50, 75) percentile: (85, 130, 180)
[M::mem_pestat] low and high boundaries for computing mean and std.dev: (1, 370)
[M::mem_pestat] mean and std.dev: (132.36, 56.23)
[M::mem_pestat] low and high boundaries for proper pairs: (1, 465)
[M::mem_pestat] analyzing insert size distribution for orientation FR...
[M::mem_pestat] (25, 50, 75) percentile: (241, 292, 350)
[M::mem_pestat] low and high boundaries for computing mean and std.dev: (23, 568)
[M::mem_pestat] mean and std.dev: (298.00, 82.66)
[M::mem_pestat] low and high boundaries for proper pairs: (1, 677)
[M::mem_pestat] analyzing insert size distribution for orientation RF...
[M::mem_pestat] (25, 50, 75) percentile: (68, 381, 2772)
[M::mem_pestat] low and high boundaries for computing mean and std.dev: (1, 8180)
[M::mem_pestat] mean and std.dev: (1440.09, 1912.91)
[M::mem_pestat] low and high boundaries for proper pairs: (1, 10884)
[M::mem_pestat] analyzing insert size distribution for orientation RR...
[M::mem_pestat] (25, 50, 75) percentile: (118, 181, 262)
[M::mem_pestat] low and high boundaries for computing mean and std.dev: (1, 550)
[M::mem_pestat] mean and std.dev: (171.94, 78.74)
[M::mem_pestat] low and high boundaries for proper pairs: (1, 694)
[M::mem_pestat] skip orientation FF
[M::mem_pestat] skip orientation RF
[M::mem_pestat] skip orientation RR
[M::mem_process_seqs] Processed 535050 reads in 80.556 CPU sec, 16.799 real sec
[M::process] read 535026 sequences (80000299 bp)...
[M::mem_pestat] # candidate unique pairs for (FF, FR, RF, RR): (53, 224112, 28, 60)
[M::mem_pestat] analyzing insert size distribution for orientation FF...
[M::mem_pestat] (25, 50, 75) percentile: (120, 154, 245)
[M::mem_pestat] low and high boundaries for computing mean and std.dev: (1, 495)
[M::mem_pestat] mean and std.dev: (163.28, 72.81)
[M::mem_pestat] low and high boundaries for proper pairs: (1, 620)
[M::mem_pestat] analyzing insert size distribution for orientation FR...
[M::mem_pestat] (25, 50, 75) percentile: (241, 292, 350)
[M::mem_pestat] low and high boundaries for computing mean and std.dev: (23, 568)
[M::mem_pestat] mean and std.dev: (297.72, 82.71)
[M::mem_pestat] low and high boundaries for proper pairs: (1, 677)
[M::mem_pestat] analyzing insert size distribution for orientation RF...
[M::mem_pestat] (25, 50, 75) percentile: (75, 889, 3949)
[M::mem_pestat] low and high boundaries for computing mean and std.dev: (1, 11697)
[M::mem_pestat] mean and std.dev: (1938.75, 2599.63)
[M::mem_pestat] low and high boundaries for proper pairs: (1, 15571)
[M::mem_pestat] analyzing insert size distribution for orientation RR...
[M::mem_pestat] (25, 50, 75) percentile: (106, 136, 197)
[M::mem_pestat] low and high boundaries for computing mean and std.dev: (1, 379)
[M::mem_pestat] mean and std.dev: (142.51, 61.00)
[M::mem_pestat] low and high boundaries for proper pairs: (1, 470)
[M::mem_pestat] skip orientation FF
[M::mem_pestat] skip orientation RF
[M::mem_pestat] skip orientation RR
[M::mem_process_seqs] Processed 535026 reads in 81.030 CPU sec, 18.420 real sec
[M::process] read 534990 sequences (80000249 bp)...
[M::mem_pestat] # candidate unique pairs for (FF, FR, RF, RR): (55, 224171, 40, 77)
[M::mem_pestat] analyzing insert size distribution for orientation FF...
[M::mem_pestat] (25, 50, 75) percentile: (101, 157, 195)
[M::mem_pestat] low and high boundaries for computing mean and std.dev: (1, 383)
[M::mem_pestat] mean and std.dev: (159.39, 77.78)
[M::mem_pestat] low and high boundaries for proper pairs: (1, 477)
[M::mem_pestat] analyzing insert size distribution for orientation FR...
[M::mem_pestat] (25, 50, 75) percentile: (241, 292, 350)
[M::mem_pestat] low and high boundaries for computing mean and std.dev: (23, 568)
[M::mem_pestat] mean and std.dev: (297.94, 82.67)
[M::mem_pestat] low and high boundaries for proper pairs: (1, 677)
[M::mem_pestat] analyzing insert size distribution for orientation RF...
[M::mem_pestat] (25, 50, 75) percentile: (69, 194, 1045)
[M::mem_pestat] low and high boundaries for computing mean and std.dev: (1, 2997)
[M::mem_pestat] mean and std.dev: (433.17, 653.08)
[M::mem_pestat] low and high boundaries for proper pairs: (1, 3973)
[M::mem_pestat] analyzing insert size distribution for orientation RR...
[M::mem_pestat] (25, 50, 75) percentile: (102, 157, 264)
[M::mem_pestat] low and high boundaries for computing mean and std.dev: (1, 588)
[M::mem_pestat] mean and std.dev: (171.86, 93.73)
[M::mem_pestat] low and high boundaries for proper pairs: (1, 750)
[M::mem_pestat] skip orientation FF
[M::mem_pestat] skip orientation RF
[M::mem_pestat] skip orientation RR
[M::mem_process_seqs] Processed 534990 reads in 80.841 CPU sec, 17.757 real sec
[M::process] read 535008 sequences (80000088 bp)...
[M::mem_pestat] # candidate unique pairs for (FF, FR, RF, RR): (58, 223987, 32, 50)
[M::mem_pestat] analyzing insert size distribution for orientation FF...
[M::mem_pestat] (25, 50, 75) percentile: (80, 136, 174)
[M::mem_pestat] low and high boundaries for computing mean and std.dev: (1, 362)
[M::mem_pestat] mean and std.dev: (134.96, 67.20)
[M::mem_pestat] low and high boundaries for proper pairs: (1, 456)
[M::mem_pestat] analyzing insert size distribution for orientation FR...
[M::mem_pestat] (25, 50, 75) percentile: (241, 292, 350)
[M::mem_pestat] low and high boundaries for computing mean and std.dev: (23, 568)
[M::mem_pestat] mean and std.dev: (297.92, 82.79)
[M::mem_pestat] low and high boundaries for proper pairs: (1, 677)
[M::mem_pestat] analyzing insert size distribution for orientation RF...
[M::mem_pestat] (25, 50, 75) percentile: (107, 599, 4075)
[M::mem_pestat] low and high boundaries for computing mean and std.dev: (1, 12011)
[M::mem_pestat] mean and std.dev: (2157.38, 2641.63)
[M::mem_pestat] low and high boundaries for proper pairs: (1, 15979)
[M::mem_pestat] analyzing insert size distribution for orientation RR...
[M::mem_pestat] (25, 50, 75) percentile: (108, 163, 213)
[M::mem_pestat] low and high boundaries for computing mean and std.dev: (1, 423)
[M::mem_pestat] mean and std.dev: (160.12, 69.20)
[M::mem_pestat] low and high boundaries for proper pairs: (1, 528)
[M::mem_pestat] skip orientation FF
[M::mem_pestat] skip orientation RF
[M::mem_pestat] skip orientation RR
[M::mem_process_seqs] Processed 535008 reads in 81.780 CPU sec, 18.427 real sec
[M::process] read 535000 sequences (80000119 bp)...
[M::mem_pestat] # candidate unique pairs for (FF, FR, RF, RR): (54, 223790, 35, 74)
[M::mem_pestat] analyzing insert size distribution for orientation FF...
[M::mem_pestat] (25, 50, 75) percentile: (97, 148, 225)
[M::mem_pestat] low and high boundaries for computing mean and std.dev: (1, 481)
[M::mem_pestat] mean and std.dev: (152.68, 80.42)
[M::mem_pestat] low and high boundaries for proper pairs: (1, 609)
[M::mem_pestat] analyzing insert size distribution for orientation FR...
[M::mem_pestat] (25, 50, 75) percentile: (241, 292, 350)
[M::mem_pestat] low and high boundaries for computing mean and std.dev: (23, 568)
[M::mem_pestat] mean and std.dev: (297.99, 82.78)
[M::mem_pestat] low and high boundaries for proper pairs: (1, 677)
[M::mem_pestat] analyzing insert size distribution for orientation RF...
[M::mem_pestat] (25, 50, 75) percentile: (82, 211, 1879)
[M::mem_pestat] low and high boundaries for computing mean and std.dev: (1, 5473)
[M::mem_pestat] mean and std.dev: (1021.64, 1526.55)
[M::mem_pestat] low and high boundaries for proper pairs: (1, 7270)
[M::mem_pestat] analyzing insert size distribution for orientation RR...
[M::mem_pestat] (25, 50, 75) percentile: (106, 150, 218)
[M::mem_pestat] low and high boundaries for computing mean and std.dev: (1, 442)
[M::mem_pestat] mean and std.dev: (157.01, 73.37)
[M::mem_pestat] low and high boundaries for proper pairs: (1, 554)
[M::mem_pestat] skip orientation FF
[M::mem_pestat] skip orientation RF
[M::mem_pestat] skip orientation RR
[M::mem_process_seqs] Processed 535000 reads in 84.480 CPU sec, 17.054 real sec
[M::process] read 535006 sequences (80000204 bp)...
[M::mem_pestat] # candidate unique pairs for (FF, FR, RF, RR): (62, 223819, 31, 58)
[M::mem_pestat] analyzing insert size distribution for orientation FF...
[M::mem_pestat] (25, 50, 75) percentile: (79, 122, 186)
[M::mem_pestat] low and high boundaries for computing mean and std.dev: (1, 400)
[M::mem_pestat] mean and std.dev: (124.22, 68.32)
[M::mem_pestat] low and high boundaries for proper pairs: (1, 507)
[M::mem_pestat] analyzing insert size distribution for orientation FR...
[M::mem_pestat] (25, 50, 75) percentile: (241, 292, 350)
[M::mem_pestat] low and high boundaries for computing mean and std.dev: (23, 568)
[M::mem_pestat] mean and std.dev: (297.96, 82.77)
[M::mem_pestat] low and high boundaries for proper pairs: (1, 677)
[M::mem_pestat] analyzing insert size distribution for orientation RF...
[M::mem_pestat] (25, 50, 75) percentile: (77, 439, 3998)
[M::mem_pestat] low and high boundaries for computing mean and std.dev: (1, 11840)
[M::mem_pestat] mean and std.dev: (1566.90, 2285.66)
[M::mem_pestat] low and high boundaries for proper pairs: (1, 15761)
[M::mem_pestat] analyzing insert size distribution for orientation RR...
[M::mem_pestat] (25, 50, 75) percentile: (104, 137, 225)
[M::mem_pestat] low and high boundaries for computing mean and std.dev: (1, 467)
[M::mem_pestat] mean and std.dev: (154.88, 80.14)
[M::mem_pestat] low and high boundaries for proper pairs: (1, 588)
[M::mem_pestat] skip orientation FF
[M::mem_pestat] skip orientation RF
[M::mem_pestat] skip orientation RR
[M::mem_process_seqs] Processed 535006 reads in 85.600 CPU sec, 22.723 real sec
[M::process] read 535044 sequences (80000225 bp)...
slurmstepd: error: *** JOB 394097 ON neo CANCELLED AT 2025-04-14T15:15:32 ***
