[bwa_index] Pack FASTA... 1.46 sec
[bwa_index] Construct BWT for the packed sequence...
[BWTIncCreate] textLength=180194040, availableWord=24679112
[BWTIncConstructFromPacked] 10 iterations done. 40709032 characters processed.
[BWTIncConstructFromPacked] 20 iterations done. 75205912 characters processed.
[BWTIncConstructFromPacked] 30 iterations done. 105862792 characters processed.
[BWTIncConstructFromPacked] 40 iterations done. 133106680 characters processed.
[BWTIncConstructFromPacked] 50 iterations done. 157317080 characters processed.
[BWTIncConstructFromPacked] 60 iterations done. 178831320 characters processed.
[bwt_gen] Finished constructing BWT in 61 iterations.
[bwa_index] 86.86 seconds elapse.
[bwa_index] Update BWT... 1.09 sec
[bwa_index] Pack forward-only FASTA... 0.90 sec
[bwa_index] Construct SA from BWT and Occ... 30.81 sec
[main] Version: 0.7.17-r1188
[main] CMD: bwa index /shared/home/asandri/MAHABIO/data/C_contigs_more_than_300bp.fasta
[main] Real time: 157.257 sec; CPU: 121.123 sec
[M::bwa_idx_load_from_disk] read 0 ALT contigs
[E::main_mem] fail to open file `C_R1.fastq.gz'.
[main_samview] fail to read the header from "-".
[W::hts_set_opt] Cannot change block size for this format
samtools sort: failed to read header from "C_contigs_more_than_300bp.bam"
[E::hts_open_format] Failed to open file "C_contigs_more_than_300bp_sorted.bam" : No such file or directory
samtools index: failed to open "C_contigs_more_than_300bp_sorted.bam": No such file or directory
mv: cannot stat 'C_contigs_more_than_300bp_sorted.bam': No such file or directory
mv: cannot stat 'C_contigs_more_than_300bp_sorted.bam.bai': No such file or directory
/var/spool/slurmd/job394072/slurm_script: line 57: minimap2: command not found
[main_samview] fail to read the header from "-".
[W::hts_set_opt] Cannot change block size for this format
samtools sort: failed to read header from "Sj_contigs_more_than_300bp.bam"
[E::hts_open_format] Failed to open file "Sj_contigs_more_than_300bp_sorted.bam" : No such file or directory
samtools index: failed to open "Sj_contigs_more_than_300bp_sorted.bam": No such file or directory
mv: cannot stat 'Sj_contigs_more_than_300bp_sorted.bam': No such file or directory
mv: cannot stat 'Sj_contigs_more_than_300bp_sorted.bam.bai': No such file or directory
/var/spool/slurmd/job394072/slurm_script: line 57: minimap2: command not found
[main_samview] fail to read the header from "-".
[W::hts_set_opt] Cannot change block size for this format
samtools sort: failed to read header from "Fk_contigs_more_than_300bp.bam"
[E::hts_open_format] Failed to open file "Fk_contigs_more_than_300bp_sorted.bam" : No such file or directory
samtools index: failed to open "Fk_contigs_more_than_300bp_sorted.bam": No such file or directory
mv: cannot stat 'Fk_contigs_more_than_300bp_sorted.bam': No such file or directory
mv: cannot stat 'Fk_contigs_more_than_300bp_sorted.bam.bai': No such file or directory
[E::hts_open_format] Failed to open file "Sj_contigs_more_than_300bp.bam" : No such file or directory
samtools index: failed to open "Sj_contigs_more_than_300bp.bam": No such file or directory
[E::hts_open_format] Failed to open file "Sj_contigs_more_than_300bp.bam" : No such file or directory
samtools depth: Cannot open input file "Sj_contigs_more_than_300bp.bam": No such file or directory
[E::hts_open_format] Failed to open file "Fk_contigs_more_than_300bp.bam" : No such file or directory
samtools index: failed to open "Fk_contigs_more_than_300bp.bam": No such file or directory
[E::hts_open_format] Failed to open file "Fk_contigs_more_than_300bp.bam" : No such file or directory
samtools depth: Cannot open input file "Fk_contigs_more_than_300bp.bam": No such file or directory
[E::hts_open_format] Failed to open file "C_contigs_more_than_300bp.bam" : No such file or directory
samtools index: failed to open "C_contigs_more_than_300bp.bam": No such file or directory
[E::hts_open_format] Failed to open file "C_contigs_more_than_300bp.bam" : No such file or directory
samtools depth: Cannot open input file "C_contigs_more_than_300bp.bam": No such file or directory
