✅ Exporté : /shared/home/asandri/MAHABIO_analysis/results/binning/cmuA_hmmsearch/alignment_phylo/per_bin/png/maxbin_C_contigs_more_than_300bp_001_cmuA_hits_tree.png
✅ Exporté : /shared/home/asandri/MAHABIO_analysis/results/binning/cmuA_hmmsearch/alignment_phylo/per_bin/png/semibin_Fk_contigs_more_than_300bp_15_cmuA_hits_tree.png
✅ Exporté : /shared/home/asandri/MAHABIO_analysis/results/binning/cmuA_hmmsearch/alignment_phylo/per_bin/png/semibin_C_contigs_more_than_300bp_29_cmuA_hits_tree.png
✅ Exporté : /shared/home/asandri/MAHABIO_analysis/results/binning/cmuA_hmmsearch/alignment_phylo/per_bin/png/vamb_Sj_contigs_more_than_300bp_243_cmuA_hits_tree.png
✅ Exporté : /shared/home/asandri/MAHABIO_analysis/results/binning/cmuA_hmmsearch/alignment_phylo/per_bin/png/vamb_Sj_contigs_more_than_300bp_178_cmuA_hits_tree.png
✅ Exporté : /shared/home/asandri/MAHABIO_analysis/results/binning/cmuA_hmmsearch/alignment_phylo/per_bin/png/maxbin_C_contigs_more_than_300bp_006_cmuA_hits_tree.png
✅ Exporté : /shared/home/asandri/MAHABIO_analysis/results/binning/cmuA_hmmsearch/alignment_phylo/per_bin/png/semibin_Sj_contigs_more_than_300bp_0_cmuA_hits_tree.png
✅ Exporté : /shared/home/asandri/MAHABIO_analysis/results/binning/cmuA_hmmsearch/alignment_phylo/per_bin/png/vamb_Sj_contigs_more_than_300bp_204_cmuA_hits_tree.png
✅ Exporté : /shared/home/asandri/MAHABIO_analysis/results/binning/cmuA_hmmsearch/alignment_phylo/per_bin/png/vamb_Fk_contigs_more_than_300bp_23_cmuA_hits_tree.png
✅ Exporté : /shared/home/asandri/MAHABIO_analysis/results/binning/cmuA_hmmsearch/alignment_phylo/per_bin/png/maxbin_C_contigs_more_than_300bp_011_cmuA_hits_tree.png
✅ Exporté : /shared/home/asandri/MAHABIO_analysis/results/binning/cmuA_hmmsearch/alignment_phylo/per_bin/png/semibin_Sj_contigs_more_than_300bp_2_cmuA_hits_tree.png
✅ Exporté : /shared/home/asandri/MAHABIO_analysis/results/binning/cmuA_hmmsearch/alignment_phylo/per_bin/png/vamb_Sj_contigs_more_than_300bp_188_cmuA_hits_tree.png
✅ Exporté : /shared/home/asandri/MAHABIO_analysis/results/binning/cmuA_hmmsearch/alignment_phylo/per_bin/png/semibin_Sj_contigs_more_than_300bp_4_cmuA_hits_tree.png
✅ Exporté : /shared/home/asandri/MAHABIO_analysis/results/binning/cmuA_hmmsearch/alignment_phylo/per_bin/png/semibin_C_contigs_more_than_300bp_1_cmuA_hits_tree.png
✅ Exporté : /shared/home/asandri/MAHABIO_analysis/results/binning/cmuA_hmmsearch/alignment_phylo/per_bin/png/semibin_C_contigs_more_than_300bp_3_cmuA_hits_tree.png
✅ Exporté : /shared/home/asandri/MAHABIO_analysis/results/binning/cmuA_hmmsearch/alignment_phylo/per_bin/png/semibin_Sj_contigs_more_than_300bp_11_cmuA_hits_tree.png
✅ Exporté : /shared/home/asandri/MAHABIO_analysis/results/binning/cmuA_hmmsearch/alignment_phylo/per_bin/png/semibin_Fk_contigs_more_than_300bp_1_cmuA_hits_tree.png
✅ Exporté : /shared/home/asandri/MAHABIO_analysis/results/binning/cmuA_hmmsearch/alignment_phylo/per_bin/png/semibin_Sj_contigs_more_than_300bp_14_cmuA_hits_tree.png
✅ Exporté : /shared/home/asandri/MAHABIO_analysis/results/binning/cmuA_hmmsearch/alignment_phylo/per_bin/png/maxbin_C_contigs_more_than_300bp_014_cmuA_hits_tree.png
✅ Exporté : /shared/home/asandri/MAHABIO_analysis/results/binning/cmuA_hmmsearch/alignment_phylo/per_bin/png/vamb_Sj_contigs_more_than_300bp_94_cmuA_hits_tree.png
✅ Exporté : /shared/home/asandri/MAHABIO_analysis/results/binning/cmuA_hmmsearch/alignment_phylo/per_bin/png/vamb_Sj_contigs_more_than_300bp_48_cmuA_hits_tree.png
✅ Exporté : /shared/home/asandri/MAHABIO_analysis/results/binning/cmuA_hmmsearch/alignment_phylo/per_bin/png/semibin_Fk_contigs_more_than_300bp_0_cmuA_hits_tree.png
✅ Exporté : /shared/home/asandri/MAHABIO_analysis/results/binning/cmuA_hmmsearch/alignment_phylo/per_bin/png/semibin_Sj_contigs_more_than_300bp_6_cmuA_hits_tree.png
✅ Exporté : /shared/home/asandri/MAHABIO_analysis/results/binning/cmuA_hmmsearch/alignment_phylo/per_bin/png/vamb_Sj_contigs_more_than_300bp_11_cmuA_hits_tree.png
✅ Exporté : /shared/home/asandri/MAHABIO_analysis/results/binning/cmuA_hmmsearch/alignment_phylo/per_bin/png/semibin_Sj_contigs_more_than_300bp_20_cmuA_hits_tree.png
✅ Exporté : /shared/home/asandri/MAHABIO_analysis/results/binning/cmuA_hmmsearch/alignment_phylo/per_bin/png/vamb_Fk_contigs_more_than_300bp_2_cmuA_hits_tree.png
✅ Exporté : /shared/home/asandri/MAHABIO_analysis/results/binning/cmuA_hmmsearch/alignment_phylo/per_bin/png/vamb_C_contigs_more_than_300bp_21556_cmuA_hits_tree.png
✅ Exporté : /shared/home/asandri/MAHABIO_analysis/results/binning/cmuA_hmmsearch/alignment_phylo/per_bin/png/semibin_Sj_contigs_more_than_300bp_9_cmuA_hits_tree.png
✅ Exporté : /shared/home/asandri/MAHABIO_analysis/results/binning/cmuA_hmmsearch/alignment_phylo/per_bin/png/vamb_Sj_contigs_more_than_300bp_149_cmuA_hits_tree.png
✅ Exporté : /shared/home/asandri/MAHABIO_analysis/results/binning/cmuA_hmmsearch/alignment_phylo/per_bin/png/semibin_C_contigs_more_than_300bp_17_cmuA_hits_tree.png
✅ Exporté : /shared/home/asandri/MAHABIO_analysis/results/binning/cmuA_hmmsearch/alignment_phylo/per_bin/png/vamb_Sj_contigs_more_than_300bp_62_cmuA_hits_tree.png
✅ Exporté : /shared/home/asandri/MAHABIO_analysis/results/binning/cmuA_hmmsearch/alignment_phylo/per_bin/png/maxbin_C_contigs_more_than_300bp_009_cmuA_hits_tree.png
✅ Exporté : /shared/home/asandri/MAHABIO_analysis/results/binning/cmuA_hmmsearch/alignment_phylo/per_bin/png/vamb_Fk_contigs_more_than_300bp_1_cmuA_hits_tree.png
✅ Exporté : /shared/home/asandri/MAHABIO_analysis/results/binning/cmuA_hmmsearch/alignment_phylo/per_bin/png/vamb_Sj_contigs_more_than_300bp_122_cmuA_hits_tree.png
✅ Exporté : /shared/home/asandri/MAHABIO_analysis/results/binning/cmuA_hmmsearch/alignment_phylo/per_bin/png/semibin_Fk_contigs_more_than_300bp_13_cmuA_hits_tree.png
✅ Exporté : /shared/home/asandri/MAHABIO_analysis/results/binning/cmuA_hmmsearch/alignment_phylo/per_bin/png/semibin_Sj_contigs_more_than_300bp_1_cmuA_hits_tree.png
✅ Exporté : /shared/home/asandri/MAHABIO_analysis/results/binning/cmuA_hmmsearch/alignment_phylo/per_bin/png/vamb_Sj_contigs_more_than_300bp_183_cmuA_hits_tree.png
✅ Exporté : /shared/home/asandri/MAHABIO_analysis/results/binning/cmuA_hmmsearch/alignment_phylo/per_bin/png/semibin_Sj_contigs_more_than_300bp_10_cmuA_hits_tree.png
✅ Exporté : /shared/home/asandri/MAHABIO_analysis/results/binning/cmuA_hmmsearch/alignment_phylo/per_bin/png/vamb_Fk_contigs_more_than_300bp_5_cmuA_hits_tree.png
✅ Exporté : /shared/home/asandri/MAHABIO_analysis/results/binning/cmuA_hmmsearch/alignment_phylo/per_bin/png/semibin_C_contigs_more_than_300bp_39_cmuA_hits_tree.png
✅ Exporté : /shared/home/asandri/MAHABIO_analysis/results/binning/cmuA_hmmsearch/alignment_phylo/per_bin/png/vamb_C_contigs_more_than_300bp_12287_cmuA_hits_tree.png
✅ Exporté : /shared/home/asandri/MAHABIO_analysis/results/binning/cmuA_hmmsearch/alignment_phylo/per_bin/png/vamb_Fk_contigs_more_than_300bp_25_cmuA_hits_tree.png
✅ Exporté : /shared/home/asandri/MAHABIO_analysis/results/binning/cmuA_hmmsearch/alignment_phylo/per_bin/png/vamb_Sj_contigs_more_than_300bp_230_cmuA_hits_tree.png
✅ Exporté : /shared/home/asandri/MAHABIO_analysis/results/binning/cmuA_hmmsearch/alignment_phylo/per_bin/png/maxbin_C_contigs_more_than_300bp_012_cmuA_hits_tree.png
✅ Exporté : /shared/home/asandri/MAHABIO_analysis/results/binning/cmuA_hmmsearch/alignment_phylo/per_bin/png/semibin_Sj_contigs_more_than_300bp_12_cmuA_hits_tree.png
✅ Exporté : /shared/home/asandri/MAHABIO_analysis/results/binning/cmuA_hmmsearch/alignment_phylo/per_bin/png/maxbin_C_contigs_more_than_300bp_010_cmuA_hits_tree.png
✅ Exporté : /shared/home/asandri/MAHABIO_analysis/results/binning/cmuA_hmmsearch/alignment_phylo/per_bin/png/vamb_Sj_contigs_more_than_300bp_170_cmuA_hits_tree.png
✅ Exporté : /shared/home/asandri/MAHABIO_analysis/results/binning/cmuA_hmmsearch/alignment_phylo/per_bin/png/maxbin_C_contigs_more_than_300bp_003_cmuA_hits_tree.png
✅ Exporté : /shared/home/asandri/MAHABIO_analysis/results/binning/cmuA_hmmsearch/alignment_phylo/per_bin/png/vamb_C_contigs_more_than_300bp_3886_cmuA_hits_tree.png
✅ Exporté : /shared/home/asandri/MAHABIO_analysis/results/binning/cmuA_hmmsearch/alignment_phylo/per_bin/png/semibin_C_contigs_more_than_300bp_0_cmuA_hits_tree.png
✅ Exporté : /shared/home/asandri/MAHABIO_analysis/results/binning/cmuA_hmmsearch/alignment_phylo/per_bin/png/vamb_Sj_contigs_more_than_300bp_74_cmuA_hits_tree.png
✅ Exporté : /shared/home/asandri/MAHABIO_analysis/results/binning/cmuA_hmmsearch/alignment_phylo/per_bin/png/vamb_Sj_contigs_more_than_300bp_5_cmuA_hits_tree.png
✅ Exporté : /shared/home/asandri/MAHABIO_analysis/results/binning/cmuA_hmmsearch/alignment_phylo/per_bin/png/vamb_Sj_contigs_more_than_300bp_179_cmuA_hits_tree.png
✅ Exporté : /shared/home/asandri/MAHABIO_analysis/results/binning/cmuA_hmmsearch/alignment_phylo/per_bin/png/maxbin_C_contigs_more_than_300bp_008_cmuA_hits_tree.png
✅ Exporté : /shared/home/asandri/MAHABIO_analysis/results/binning/cmuA_hmmsearch/alignment_phylo/per_bin/png/semibin_C_contigs_more_than_300bp_18_cmuA_hits_tree.png
✅ Exporté : /shared/home/asandri/MAHABIO_analysis/results/binning/cmuA_hmmsearch/alignment_phylo/per_bin/png/vamb_Fk_contigs_more_than_300bp_22_cmuA_hits_tree.png
✅ Exporté : /shared/home/asandri/MAHABIO_analysis/results/binning/cmuA_hmmsearch/alignment_phylo/per_bin/png/vamb_C_contigs_more_than_300bp_48985_cmuA_hits_tree.png
✅ Exporté : /shared/home/asandri/MAHABIO_analysis/results/binning/cmuA_hmmsearch/alignment_phylo/per_bin/png/vamb_Sj_contigs_more_than_300bp_185_cmuA_hits_tree.png
✅ Exporté : /shared/home/asandri/MAHABIO_analysis/results/binning/cmuA_hmmsearch/alignment_phylo/per_bin/png/semibin_Sj_contigs_more_than_300bp_5_cmuA_hits_tree.png
✅ Exporté : /shared/home/asandri/MAHABIO_analysis/results/binning/cmuA_hmmsearch/alignment_phylo/per_bin/png/semibin_Fk_contigs_more_than_300bp_16_cmuA_hits_tree.png
✅ Exporté : /shared/home/asandri/MAHABIO_analysis/results/binning/cmuA_hmmsearch/alignment_phylo/per_bin/png/maxbin_C_contigs_more_than_300bp_005_cmuA_hits_tree.png
✅ Exporté : /shared/home/asandri/MAHABIO_analysis/results/binning/cmuA_hmmsearch/alignment_phylo/per_bin/png/vamb_Sj_contigs_more_than_300bp_200_cmuA_hits_tree.png
✅ Exporté : /shared/home/asandri/MAHABIO_analysis/results/binning/cmuA_hmmsearch/alignment_phylo/per_bin/png/vamb_Sj_contigs_more_than_300bp_32_cmuA_hits_tree.png
✅ Exporté : /shared/home/asandri/MAHABIO_analysis/results/binning/cmuA_hmmsearch/alignment_phylo/per_bin/png/semibin_Fk_contigs_more_than_300bp_4_cmuA_hits_tree.png
✅ Exporté : /shared/home/asandri/MAHABIO_analysis/results/binning/cmuA_hmmsearch/alignment_phylo/per_bin/png/semibin_Sj_contigs_more_than_300bp_3_cmuA_hits_tree.png
✅ Exporté : /shared/home/asandri/MAHABIO_analysis/results/binning/cmuA_hmmsearch/alignment_phylo/per_bin/png/semibin_Sj_contigs_more_than_300bp_26_cmuA_hits_tree.png
✅ Exporté : /shared/home/asandri/MAHABIO_analysis/results/binning/cmuA_hmmsearch/alignment_phylo/per_bin/png/semibin_C_contigs_more_than_300bp_4_cmuA_hits_tree.png
✅ Exporté : /shared/home/asandri/MAHABIO_analysis/results/binning/cmuA_hmmsearch/alignment_phylo/per_bin/png/semibin_Sj_contigs_more_than_300bp_8_cmuA_hits_tree.png
✅ Exporté : /shared/home/asandri/MAHABIO_analysis/results/binning/cmuA_hmmsearch/alignment_phylo/per_bin/png/maxbin_C_contigs_more_than_300bp_002_cmuA_hits_tree.png
✅ Exporté : /shared/home/asandri/MAHABIO_analysis/results/binning/cmuA_hmmsearch/alignment_phylo/per_bin/png/semibin_C_contigs_more_than_300bp_24_cmuA_hits_tree.png
✅ Exporté : /shared/home/asandri/MAHABIO_analysis/results/binning/cmuA_hmmsearch/alignment_phylo/per_bin/png/vamb_C_contigs_more_than_300bp_22822_cmuA_hits_tree.png
